<?xml version="1.0" encoding="UTF-8" ?>
<testsuite tests="21" failures="0" name="ro.pub.cs.aipi.lab02.main.AllTests" time="31.667" errors="0" skipped="0">
  <properties>
    <property name="java.runtime.name" value="Java(TM) SE Runtime Environment"/>
    <property name="sun.boot.library.path" value="C:\Java\1.8.0_60_x64\jre\bin"/>
    <property name="java.vm.version" value="25.60-b23"/>
    <property name="java.vm.vendor" value="Oracle Corporation"/>
    <property name="maven.multiModuleProjectDirectory" value="C:\Users\Andrei.R\Downloads\02-BookStore-JPA\02-BookStore-JPA"/>
    <property name="java.vendor.url" value="http://java.oracle.com/"/>
    <property name="path.separator" value=";"/>
    <property name="guice.disable.misplaced.annotation.check" value="true"/>
    <property name="java.vm.name" value="Java HotSpot(TM) 64-Bit Server VM"/>
    <property name="file.encoding.pkg" value="sun.io"/>
    <property name="user.script" value=""/>
    <property name="user.country" value="US"/>
    <property name="sun.java.launcher" value="SUN_STANDARD"/>
    <property name="sun.os.patch.level" value="Service Pack 1"/>
    <property name="test" value="ro.pub.cs.aipi.lab02.main.AllTests"/>
    <property name="java.vm.specification.name" value="Java Virtual Machine Specification"/>
    <property name="user.dir" value="C:\Users\Andrei.R\Downloads\02-BookStore-JPA\02-BookStore-JPA"/>
    <property name="java.runtime.version" value="1.8.0_60-b27"/>
    <property name="java.awt.graphicsenv" value="sun.awt.Win32GraphicsEnvironment"/>
    <property name="java.endorsed.dirs" value="C:\Java\1.8.0_60_x64\jre\lib\endorsed"/>
    <property name="os.arch" value="amd64"/>
    <property name="java.io.tmpdir" value="C:\Users\Andrei.R\AppData\Local\Temp\"/>
    <property name="line.separator" value="
"/>
    <property name="java.vm.specification.vendor" value="Oracle Corporation"/>
    <property name="user.variant" value=""/>
    <property name="os.name" value="Windows 7"/>
    <property name="classworlds.conf" value="C:\Users\Andrei.R\workspace\.metadata\.plugins\org.eclipse.m2e.launching\launches\m2conf4121164614956521335.tmp"/>
    <property name="sun.jnu.encoding" value="Cp1252"/>
    <property name="java.library.path" value="C:\Java\1.8.0_60_x64\bin;C:\Windows\Sun\Java\bin;C:\Windows\system32;C:\Windows;C:/Java/1.8.0_45_x64/bin/../jre/bin/server;C:/Java/1.8.0_45_x64/bin/../jre/bin;C:/Java/1.8.0_45_x64/bin/../jre/lib/amd64;c:\oracle\product\11.2.0\client_1\bin;C:\Program Files (x86)\Intel\iCLS Client\;C:\Program Files\Intel\iCLS Client\;C:\Windows\system32;C:\Windows;C:\Windows\System32\Wbem;C:\Windows\System32\WindowsPowerShell\v1.0\;C:\Program Files\Intel\Intel(R) Management Engine Components\DAL;C:\Program Files\Intel\Intel(R) Management Engine Components\IPT;C:\Program Files (x86)\Intel\Intel(R) Management Engine Components\DAL;C:\Program Files (x86)\Intel\Intel(R) Management Engine Components\IPT;C:\Program Files\TortoiseSVN\bin;C:\Program Files (x86)\Hewlett-Packard\HP ProtectTools Security Manager\Bin\;C:\Java\1.8.0_45_x64\bin;C:\Program Files (x86)\Skype\Phone\;C:\Program Files (x86)\MySQL\MySQL Fabric 1.5 &amp; MySQL Utilities 1.5\;C:\Program Files (x86)\MySQL\MySQL Fabric 1.5 &amp; MySQL Utilities 1.5\Doctrine extensions for PHP\;D:\Applications\eclipse;;."/>
    <property name="java.specification.name" value="Java Platform API Specification"/>
    <property name="java.class.version" value="52.0"/>
    <property name="sun.management.compiler" value="HotSpot 64-Bit Tiered Compilers"/>
    <property name="os.version" value="6.1"/>
    <property name="user.home" value="C:\Users\Andrei.R"/>
    <property name="user.timezone" value="Europe/Athens"/>
    <property name="java.awt.printerjob" value="sun.awt.windows.WPrinterJob"/>
    <property name="java.specification.version" value="1.8"/>
    <property name="file.encoding" value="Cp1252"/>
    <property name="user.name" value="Andrei.R"/>
    <property name="java.class.path" value="/D:/Applications/eclipse/plugins/org.eclipse.m2e.maven.runtime_1.6.2.20150902-0001/jars/plexus-classworlds-2.5.2.jar"/>
    <property name="java.vm.specification.version" value="1.8"/>
    <property name="sun.arch.data.model" value="64"/>
    <property name="java.home" value="C:\Java\1.8.0_60_x64\jre"/>
    <property name="sun.java.command" value="org.codehaus.plexus.classworlds.launcher.Launcher -Dtest=ro.pub.cs.aipi.lab02.main.AllTests -B clean compile test"/>
    <property name="java.specification.vendor" value="Oracle Corporation"/>
    <property name="user.language" value="en"/>
    <property name="awt.toolkit" value="sun.awt.windows.WToolkit"/>
    <property name="java.vm.info" value="mixed mode"/>
    <property name="java.version" value="1.8.0_60"/>
    <property name="java.ext.dirs" value="C:\Java\1.8.0_60_x64\jre\lib\ext;C:\Windows\Sun\Java\lib\ext"/>
    <property name="sun.boot.class.path" value="C:\Java\1.8.0_60_x64\jre\lib\resources.jar;C:\Java\1.8.0_60_x64\jre\lib\rt.jar;C:\Java\1.8.0_60_x64\jre\lib\sunrsasign.jar;C:\Java\1.8.0_60_x64\jre\lib\jsse.jar;C:\Java\1.8.0_60_x64\jre\lib\jce.jar;C:\Java\1.8.0_60_x64\jre\lib\charsets.jar;C:\Java\1.8.0_60_x64\jre\lib\jfr.jar;C:\Java\1.8.0_60_x64\jre\classes"/>
    <property name="java.vendor" value="Oracle Corporation"/>
    <property name="maven.home" value="C:\Users\Andrei.R\Downloads\02-BookStore-JPA\02-BookStore-JPA\EMBEDDED"/>
    <property name="file.separator" value="\"/>
    <property name="java.vendor.url.bug" value="http://bugreport.sun.com/bugreport/"/>
    <property name="sun.cpu.endian" value="little"/>
    <property name="sun.io.unicode.encoding" value="UnicodeLittle"/>
    <property name="sun.desktop" value="windows"/>
    <property name="sun.cpu.isalist" value="amd64"/>
  </properties>
  <testcase classname="ro.pub.cs.aipi.lab02.main.Exercise01Test" name="checkNumberOfRecords[0]" time="30.842"/>
  <testcase classname="ro.pub.cs.aipi.lab02.main.Exercise01Test" name="checkNumberOfRecords[1]" time="0"/>
  <testcase classname="ro.pub.cs.aipi.lab02.main.Exercise01Test" name="checkNumberOfRecords[2]" time="0"/>
  <testcase classname="ro.pub.cs.aipi.lab02.main.Exercise01Test" name="checkNumberOfRecords[3]" time="0"/>
  <testcase classname="ro.pub.cs.aipi.lab02.main.Exercise01Test" name="checkNumberOfRecords[4]" time="0"/>
  <testcase classname="ro.pub.cs.aipi.lab02.main.Exercise01Test" name="checkNumberOfRecords[5]" time="0"/>
  <testcase classname="ro.pub.cs.aipi.lab02.main.Exercise01Test" name="checkNumberOfRecords[6]" time="0"/>
  <testcase classname="ro.pub.cs.aipi.lab02.main.Exercise01Test" name="checkNumberOfRecords[7]" time="0"/>
  <testcase classname="ro.pub.cs.aipi.lab02.main.Exercise01Test" name="checkNumberOfRecords[8]" time="0"/>
  <testcase classname="ro.pub.cs.aipi.lab02.main.Exercise01Test" name="checkNumberOfRecords[9]" time="0"/>
  <testcase classname="ro.pub.cs.aipi.lab02.main.Exercise01Test" name="checkNumberOfRecords[10]" time="0.001"/>
  <testcase classname="ro.pub.cs.aipi.lab02.main.Exercise01Test" name="checkNumberOfRecords[11]" time="0"/>
  <testcase classname="ro.pub.cs.aipi.lab02.main.Exercise01Test" name="checkNumberOfRecords[12]" time="0"/>
  <testcase classname="ro.pub.cs.aipi.lab02.main.Exercise01Test" name="checkNumberOfRecords[13]" time="0"/>
  <testcase classname="ro.pub.cs.aipi.lab02.main.Exercise02Test" name="checkFileContent" time="0.011"/>
  <testcase classname="ro.pub.cs.aipi.lab02.main.Exercise03Test" name="checkNumberOfRecords" time="0.003"/>
  <testcase classname="ro.pub.cs.aipi.lab02.main.Exercise04Test" name="checkFileContent" time="0.005"/>
  <testcase classname="ro.pub.cs.aipi.lab02.main.Exercise05Test" name="checkFileContent" time="0.804"/>
  <testcase classname="ro.pub.cs.aipi.lab02.main.Exercise06Test" name="checkFileContent" time="0.001"/>
  <testcase classname="ro.pub.cs.aipi.lab02.main.Exercise07Test" name="checkFileContent" time="0"/>
  <testcase classname="ro.pub.cs.aipi.lab02.main.Exercise08Test" name="checkFileContent" time="0"/>
</testsuite>